<?xml version="1.0" encoding="UTF-8"?>
<testng-results ignored="0" total="1" passed="1" failed="0" skipped="0">
  <reporter-output>
  </reporter-output>
  <suite started-at="2020-05-12T22:53:21 EDT" name="Default suite" finished-at="2020-05-12T22:53:35 EDT" duration-ms="13578">
    <groups>
    </groups>
    <test started-at="2020-05-12T22:53:21 EDT" name="Default test" finished-at="2020-05-12T22:53:35 EDT" duration-ms="13578">
      <class name="testNGTest.Test5">
        <test-method signature="testVerify()[pri:0, instance:testNGTest.Test5@54c562f7]" started-at="2020-05-12T22:53:21 EDT" name="testVerify" finished-at="2020-05-12T22:53:35 EDT" duration-ms="13546" status="PASS">
          <reporter-output>
          </reporter-output>
        </test-method> <!-- testVerify -->
      </class> <!-- testNGTest.Test5 -->
    </test> <!-- Default test -->
  </suite> <!-- Default suite -->
</testng-results>
